InvokeLater(callback=functools.partial(<function Widget.scroll_end.<locals>._lazily_scroll_end at 0x10b164fe0>)) >>> RichLog(id='log_display') method=<MessagePump.on_invoke_later>
Update(RichLog(id='log_display')) >>> Screen(id='_default') method=<Screen.on_update>
Layout() >>> Screen(id='_default') method=<Screen.on_layout>
Update(ScrollBar(name='vertical', window_virtual_size=2150, window_size=41, position=2107, thickness=2)) >>> Screen(id='_default') method=<Screen.on_update>
Update(ScrollBar(name='horizontal', window_virtual_size=179, window_size=120, position=0)) >>> Screen(id='_default') method=<Screen.on_update>
InvokeLater(callback=functools.partial(<function Widget.scroll_end.<locals>.scroll_end_on_complete at 0x10b165440>)) >>> RichLog(id='log_display') method=<MessagePump.on_invoke_later>
Update(ScrollBar(name='vertical', window_virtual_size=2150, window_size=41, position=2109, thickness=2)) >>> Screen(id='_default') method=<Screen.on_update>
Update(RichLog(id='log_display')) >>> Screen(id='_default') method=<Screen.on_update>
InvokeLater(callback=functools.partial(<function Widget.scroll_end.<locals>._lazily_scroll_end at 0x110f534c0>)) >>> RichLog(id='log_display') method=<MessagePump.on_invoke_later>
InvokeLater(callback=functools.partial(<function App._update_mouse_over.<locals>.check_mouse at 0x112430b80>)) >>> SentryTUIApp(title='SentryTUIApp', classes={'-dark-mode'}, pseudo_classes={'blur', 'dark'}) method=<MessagePump.on_invoke_later>
Update(RichLog(id='log_display')) >>> Screen(id='_default') method=<Screen.on_update>
Layout() >>> Screen(id='_default') method=<Screen.on_layout>
InvokeLater(callback=functools.partial(<function App._update_mouse_over.<locals>.check_mouse at 0x11252af20>)) >>> SentryTUIApp(title='SentryTUIApp', classes={'-dark-mode'}, pseudo_classes={'blur', 'dark'}) method=<MessagePump.on_invoke_later>
Update(ScrollBar(name='vertical', window_virtual_size=620, window_size=46, position=574, thickness=2)) >>> Screen(id='_default') method=<Screen.on_update>
InvokeLater(callback=functools.partial(<function Widget.scroll_end.<locals>.scroll_end_on_complete at 0x110f511c0>)) >>> RichLog(id='log_display') method=<MessagePump.on_invoke_later>
Update(ScrollBar(name='vertical', window_virtual_size=620, window_size=46, position=574, thickness=2)) >>> Screen(id='_default') method=<Screen.on_update>
Update(RichLog(id='log_display')) >>> Screen(id='_default') method=<Screen.on_update>
InvokeLater(callback=functools.partial(<function App._update_mouse_over.<locals>.check_mouse at 0x11252bce0>)) >>> SentryTUIApp(title='SentryTUIApp', classes={'-dark-mode'}, pseudo_classes={'blur', 'dark'}) method=<MessagePump.on_invoke_later>
InvokeLater(callback=functools.partial(<function Widget.scroll_end.<locals>._lazily_scroll_end at 0x110fa8a40>)) >>> RichLog(id='log_display') method=<MessagePump.on_invoke_later>
InvokeLater(callback=functools.partial(<function App._update_mouse_over.<locals>.check_mouse at 0x1123dfc40>)) >>> SentryTUIApp(title='SentryTUIApp', classes={'-dark-mode'}, pseudo_classes={'blur', 'dark'}) method=<MessagePump.on_invoke_later>
Update(RichLog(id='log_display')) >>> Screen(id='_default') method=<Screen.on_update>
Layout() >>> Screen(id='_default') method=<Screen.on_layout>
InvokeLater(callback=functools.partial(<function App._update_mouse_over.<locals>.check_mouse at 0x11265aac0>)) >>> SentryTUIApp(title='SentryTUIApp', classes={'-dark-mode'}, pseudo_classes={'blur', 'dark'}) method=<MessagePump.on_invoke_later>
Update(ScrollBar(name='vertical', window_virtual_size=621, window_size=46, position=575, thickness=2)) >>> Screen(id='_default') method=<Screen.on_update>
InvokeLater(callback=functools.partial(<function Widget.scroll_end.<locals>.scroll_end_on_complete at 0x110faa200>)) >>> RichLog(id='log_display') method=<MessagePump.on_invoke_later>
Update(ScrollBar(name='vertical', window_virtual_size=621, window_size=46, position=575, thickness=2)) >>> Screen(id='_default') method=<Screen.on_update>
Update(RichLog(id='log_display')) >>> Screen(id='_default') method=<Screen.on_update>
InvokeLater(callback=functools.partial(<function App._update_mouse_over.<locals>.check_mouse at 0x11273ff60>)) >>> SentryTUIApp(title='SentryTUIApp', classes={'-dark-mode'}, pseudo_classes={'blur', 'dark'}) method=<MessagePump.on_invoke_later>
InvokeLater(callback=functools.partial(<function Widget.scroll_end.<locals>._lazily_scroll_end at 0x10ac66ac0>)) >>> RichLog(id='log_display') method=<MessagePump.on_invoke_later>
Update(RichLog(id='log_display')) >>> Screen(id='_default') method=<Screen.on_update>
Layout() >>> Screen(id='_default') method=<Screen.on_layout>
Update(ScrollBar(name='vertical', window_virtual_size=2152, window_size=41, position=2109, thickness=2)) >>> Screen(id='_default') method=<Screen.on_update>
Update(ScrollBar(name='horizontal', window_virtual_size=179, window_size=120, position=0)) >>> Screen(id='_default') method=<Screen.on_update>
InvokeLater(callback=functools.partial(<function Widget.scroll_end.<locals>.scroll_end_on_complete at 0x10ac64040>)) >>> RichLog(id='log_display') method=<MessagePump.on_invoke_later>
Update(ScrollBar(name='vertical', window_virtual_size=2152, window_size=41, position=2111, thickness=2)) >>> Screen(id='_default') method=<Screen.on_update>
Update(RichLog(id='log_display')) >>> Screen(id='_default') method=<Screen.on_update>
InvokeLater(callback=functools.partial(<function Widget.scroll_end.<locals>._lazily_scroll_end at 0x1123dfd80>)) >>> RichLog(id='log_display') method=<MessagePump.on_invoke_later>
InvokeLater(callback=functools.partial(<function App._update_mouse_over.<locals>.check_mouse at 0x110f511c0>)) >>> SentryTUIApp(title='SentryTUIApp', classes={'-dark-mode'}, pseudo_classes={'blur', 'dark'}) method=<MessagePump.on_invoke_later>
Update(RichLog(id='log_display')) >>> Screen(id='_default') method=<Screen.on_update>
Layout() >>> Screen(id='_default') method=<Screen.on_layout>
InvokeLater(callback=functools.partial(<function App._update_mouse_over.<locals>.check_mouse at 0x1123a7880>)) >>> SentryTUIApp(title='SentryTUIApp', classes={'-dark-mode'}, pseudo_classes={'blur', 'dark'}) method=<MessagePump.on_invoke_later>
Update(ScrollBar(name='vertical', window_virtual_size=622, window_size=46, position=576, thickness=2)) >>> Screen(id='_default') method=<Screen.on_update>
InvokeLater(callback=functools.partial(<function Widget.scroll_end.<locals>.scroll_end_on_complete at 0x1123dd580>)) >>> RichLog(id='log_display') method=<MessagePump.on_invoke_later>
Update(ScrollBar(name='vertical', window_virtual_size=622, window_size=46, position=576, thickness=2)) >>> Screen(id='_default') method=<Screen.on_update>
Update(RichLog(id='log_display')) >>> Screen(id='_default') method=<Screen.on_update>
InvokeLater(callback=functools.partial(<function App._update_mouse_over.<locals>.check_mouse at 0x11273fba0>)) >>> SentryTUIApp(title='SentryTUIApp', classes={'-dark-mode'}, pseudo_classes={'blur', 'dark'}) method=<MessagePump.on_invoke_later>
InvokeLater(callback=functools.partial(<function Widget.scroll_end.<locals>._lazily_scroll_end at 0x1124499e0>)) >>> RichLog(id='log_display') method=<MessagePump.on_invoke_later>
InvokeLater(callback=functools.partial(<function App._update_mouse_over.<locals>.check_mouse at 0x110ea4180>)) >>> SentryTUIApp(title='SentryTUIApp', classes={'-dark-mode'}, pseudo_classes={'blur', 'dark'}) method=<MessagePump.on_invoke_later>
Update(RichLog(id='log_display')) >>> Screen(id='_default') method=<Screen.on_update>
Layout() >>> Screen(id='_default') method=<Screen.on_layout>
InvokeLater(callback=functools.partial(<function App._update_mouse_over.<locals>.check_mouse at 0x11256a5c0>)) >>> SentryTUIApp(title='SentryTUIApp', classes={'-dark-mode'}, pseudo_classes={'blur', 'dark'}) method=<MessagePump.on_invoke_later>
Update(ScrollBar(name='vertical', window_virtual_size=623, window_size=46, position=577, thickness=2)) >>> Screen(id='_default') method=<Screen.on_update>
InvokeLater(callback=functools.partial(<function Widget.scroll_end.<locals>.scroll_end_on_complete at 0x110d26700>)) >>> RichLog(id='log_display') method=<MessagePump.on_invoke_later>
Update(ScrollBar(name='vertical', window_virtual_size=623, window_size=46, position=577, thickness=2)) >>> Screen(id='_default') method=<Screen.on_update>
Update(RichLog(id='log_display')) >>> Screen(id='_default') method=<Screen.on_update>
InvokeLater(callback=functools.partial(<function App._update_mouse_over.<locals>.check_mouse at 0x1126f49a0>)) >>> SentryTUIApp(title='SentryTUIApp', classes={'-dark-mode'}, pseudo_classes={'blur', 'dark'}) method=<MessagePump.on_invoke_later>
InvokeLater(callback=functools.partial(<function Widget.scroll_end.<locals>._lazily_scroll_end at 0x10af4fa60>)) >>> RichLog(id='log_display') method=<MessagePump.on_invoke_later>
Update(RichLog(id='log_display')) >>> Screen(id='_default') method=<Screen.on_update>
Layout() >>> Screen(id='_default') method=<Screen.on_layout>
Update(ScrollBar(name='vertical', window_virtual_size=2154, window_size=41, position=2111, thickness=2)) >>> Screen(id='_default') method=<Screen.on_update>
Update(ScrollBar(name='horizontal', window_virtual_size=179, window_size=120, position=0)) >>> Screen(id='_default') method=<Screen.on_update>
InvokeLater(callback=functools.partial(<function Widget.scroll_end.<locals>.scroll_end_on_complete at 0x10af4de40>)) >>> RichLog(id='log_display') method=<MessagePump.on_invoke_later>
Update(ScrollBar(name='vertical', window_virtual_size=2154, window_size=41, position=2113, thickness=2)) >>> Screen(id='_default') method=<Screen.on_update>
Update(RichLog(id='log_display')) >>> Screen(id='_default') method=<Screen.on_update>
